[Sat Mar  4 19:34:50 2017] INFO: Opened log file /Volumes/Carlos/workspace/aprils_quest/cmake-build-debug/bin/Data/sAprilsQuest.log
[Sat Mar  4 19:34:50 2017] INFO: Created 1 worker thread
[Sat Mar  4 19:34:50 2017] INFO: Added resource path /Volumes/Carlos/workspace/aprils_quest/cmake-build-debug/bin/Data/
[Sat Mar  4 19:34:50 2017] INFO: Added resource path /Volumes/Carlos/workspace/aprils_quest/cmake-build-debug/bin/CoreData/
[Sat Mar  4 19:34:50 2017] INFO: Added resource path /Volumes/Carlos/workspace/aprils_quest/cmake-build-debug/bin/Autoload/LargeData/
[Sat Mar  4 19:34:51 2017] INFO: Set screen mode 800x600 windowed
[Sat Mar  4 19:34:51 2017] INFO: Initialized input
[Sat Mar  4 19:34:51 2017] INFO: Initialized user interface
[Sat Mar  4 19:34:51 2017] INFO: Initialized renderer
[Sat Mar  4 19:34:51 2017] INFO: Set audio mode 44100 Hz stereo interpolated
[Sat Mar  4 19:34:51 2017] INFO: Initialized engine
Used resources:
Textures/Ramp.png
Textures/Spot.png
Textures/UI.png
Urho2D/sprites.png
Urho2D/april.png
Urho2D/gun.png
Urho2D/soldado.png
Techniques/NoTexture.xml
RenderPaths/Forward.xml
UI/DefaultStyle.xml
Textures/UrhoIcon.png
Fonts/Anonymous Pro.ttf
Urho2D/sprites.xml
Urho2D/April.xml
Urho2D/gun.xml
Urho2D/soldado.xml
Urho2D/target.png
Urho2D/object.png
Urho2D/bullet.png
Urho2D/April.scml
Urho2D/gun.scml
Urho2D/soldado.scml
Shaders/GLSL/Urho2D.glsl
Shaders/GLSL/Basic.glsl
